# JRE version: Java(TM) SE Runtime Environment (8.0_45-b15) (build 1.8.0_45-b15)
# Java VM: Java HotSpot(TM) 64-Bit Server VM (25.45-b02 mixed mode windows-amd64 compressed oops)
Heap:
 PSYoungGen      total 283136K, used 134551K [0x00000000e1200000, 0x00000000f3780000, 0x0000000100000000)
  eden space 266752K, 50% used [0x00000000e1200000,0x00000000e9565fe8,0x00000000f1680000)
  from space 16384K, 0% used [0x00000000f2780000,0x00000000f2780000,0x00000000f3780000)
  to   space 16896K, 0% used [0x00000000f1680000,0x00000000f1680000,0x00000000f2700000)
 ParOldGen       total 86016K, used 20623K [0x00000000a3600000, 0x00000000a8a00000, 0x00000000e1200000)
  object space 86016K, 23% used [0x00000000a3600000,0x00000000a4a23db0,0x00000000a8a00000)
 Metaspace       used 61194K, capacity 64914K, committed 65172K, reserved 1105920K
  class space    used 8079K, capacity 8733K, committed 8852K, reserved 1048576K
GC Heap History (10 events):
Event: 181.637 GC heap before
{Heap before GC invocations=16 (full 4):
 PSYoungGen      total 272384K, used 3359K [0x00000000e1200000, 0x00000000f3980000, 0x0000000100000000)
  eden space 266752K, 0% used [0x00000000e1200000,0x00000000e1200000,0x00000000f1680000)
  from space 5632K, 59% used [0x00000000f3400000,0x00000000f3747c08,0x00000000f3980000)
  to   space 17920K, 0% used [0x00000000f1680000,0x00000000f1680000,0x00000000f2800000)
 ParOldGen       total 86016K, used 20810K [0x00000000a3600000, 0x00000000a8a00000, 0x00000000e1200000)
  object space 86016K, 24% used [0x00000000a3600000,0x00000000a4a52bd8,0x00000000a8a00000)
 Metaspace       used 59094K, capacity 62440K, committed 62612K, reserved 1103872K
  class space    used 7979K, capacity 8538K, committed 8596K, reserved 1048576K
Event: 182.050 GC heap after
Heap after GC invocations=16 (full 4):
 PSYoungGen      total 272384K, used 0K [0x00000000e1200000, 0x00000000f3980000, 0x0000000100000000)
  eden space 266752K, 0% used [0x00000000e1200000,0x00000000e1200000,0x00000000f1680000)
  from space 5632K, 0% used [0x00000000f3400000,0x00000000f3400000,0x00000000f3980000)
  to   space 17920K, 0% used [0x00000000f1680000,0x00000000f1680000,0x00000000f2800000)
 ParOldGen       total 86016K, used 21083K [0x00000000a3600000, 0x00000000a8a00000, 0x00000000e1200000)
  object space 86016K, 24% used [0x00000000a3600000,0x00000000a4a96f78,0x00000000a8a00000)
 Metaspace       used 59094K, capacity 62440K, committed 62612K, reserved 1103872K
  class space    used 7979K, capacity 8538K, committed 8596K, reserved 1048576K
}
Event: 205.812 GC heap before
{Heap before GC invocations=17 (full 4):
 PSYoungGen      total 272384K, used 150548K [0x00000000e1200000, 0x00000000f3980000, 0x0000000100000000)
  eden space 266752K, 56% used [0x00000000e1200000,0x00000000ea505040,0x00000000f1680000)
  from space 5632K, 0% used [0x00000000f3400000,0x00000000f3400000,0x00000000f3980000)
  to   space 17920K, 0% used [0x00000000f1680000,0x00000000f1680000,0x00000000f2800000)
 ParOldGen       total 86016K, used 21083K [0x00000000a3600000, 0x00000000a8a00000, 0x00000000e1200000)
  object space 86016K, 24% used [0x00000000a3600000,0x00000000a4a96f78,0x00000000a8a00000)
 Metaspace       used 60040K, capacity 63530K, committed 63764K, reserved 1103872K
  class space    used 8014K, capacity 8608K, committed 8724K, reserved 1048576K
Event: 205.829 GC heap after
Heap after GC invocations=17 (full 4):
 PSYoungGen      total 271360K, used 4520K [0x00000000e1200000, 0x00000000f3880000, 0x0000000100000000)
  eden space 266752K, 0% used [0x00000000e1200000,0x00000000e1200000,0x00000000f1680000)
  from space 4608K, 98% used [0x00000000f1680000,0x00000000f1aea380,0x00000000f1b00000)
  to   space 17408K, 0% used [0x00000000f2780000,0x00000000f2780000,0x00000000f3880000)
 ParOldGen       total 86016K, used 21091K [0x00000000a3600000, 0x00000000a8a00000, 0x00000000e1200000)
  object space 86016K, 24% used [0x00000000a3600000,0x00000000a4a98f78,0x00000000a8a00000)
 Metaspace       used 60040K, capacity 63530K, committed 63764K, reserved 1103872K
  class space    used 8014K, capacity 8608K, committed 8724K, reserved 1048576K
}
Event: 205.829 GC heap before
{Heap before GC invocations=18 (full 5):
 PSYoungGen      total 271360K, used 4520K [0x00000000e1200000, 0x00000000f3880000, 0x0000000100000000)
  eden space 266752K, 0% used [0x00000000e1200000,0x00000000e1200000,0x00000000f1680000)
  from space 4608K, 98% used [0x00000000f1680000,0x00000000f1aea380,0x00000000f1b00000)
  to   space 17408K, 0% used [0x00000000f2780000,0x00000000f2780000,0x00000000f3880000)
 ParOldGen       total 86016K, used 21091K [0x00000000a3600000, 0x00000000a8a00000, 0x00000000e1200000)
  object space 86016K, 24% used [0x00000000a3600000,0x00000000a4a98f78,0x00000000a8a00000)
 Metaspace       used 60040K, capacity 63530K, committed 63764K, reserved 1103872K
  class space    used 8014K, capacity 8608K, committed 8724K, reserved 1048576K
Event: 206.241 GC heap after
Heap after GC invocations=18 (full 5):
 PSYoungGen      total 271360K, used 0K [0x00000000e1200000, 0x00000000f3880000, 0x0000000100000000)
  eden space 266752K, 0% used [0x00000000e1200000,0x00000000e1200000,0x00000000f1680000)
  from space 4608K, 0% used [0x00000000f1680000,0x00000000f1680000,0x00000000f1b00000)
  to   space 17408K, 0% used [0x00000000f2780000,0x00000000f2780000,0x00000000f3880000)
 ParOldGen       total 86016K, used 20358K [0x00000000a3600000, 0x00000000a8a00000, 0x00000000e1200000)
  object space 86016K, 23% used [0x00000000a3600000,0x00000000a49e1a98,0x00000000a8a00000)
 Metaspace       used 60037K, capacity 63524K, committed 63764K, reserved 1103872K
  class space    used 8013K, capacity 8606K, committed 8724K, reserved 1048576K
}
Event: 264.511 GC heap before
{Heap before GC invocations=19 (full 5):
 PSYoungGen      total 271360K, used 141794K [0x00000000e1200000, 0x00000000f3880000, 0x0000000100000000)
  eden space 266752K, 53% used [0x00000000e1200000,0x00000000e9c788b8,0x00000000f1680000)
  from space 4608K, 0% used [0x00000000f1680000,0x00000000f1680000,0x00000000f1b00000)
  to   space 17408K, 0% used [0x00000000f2780000,0x00000000f2780000,0x00000000f3880000)
 ParOldGen       total 86016K, used 20358K [0x00000000a3600000, 0x00000000a8a00000, 0x00000000e1200000)
  object space 86016K, 23% used [0x00000000a3600000,0x00000000a49e1a98,0x00000000a8a00000)
 Metaspace       used 60697K, capacity 64344K, committed 64532K, reserved 1105920K
  class space    used 8049K, capacity 8675K, committed 8724K, reserved 1048576K
Event: 264.519 GC heap after
Heap after GC invocations=19 (full 5):
 PSYoungGen      total 283136K, used 4485K [0x00000000e1200000, 0x00000000f3780000, 0x0000000100000000)
  eden space 266752K, 0% used [0x00000000e1200000,0x00000000e1200000,0x00000000f1680000)
  from space 16384K, 27% used [0x00000000f2780000,0x00000000f2be16c0,0x00000000f3780000)
  to   space 16896K, 0% used [0x00000000f1680000,0x00000000f1680000,0x00000000f2700000)
 ParOldGen       total 86016K, used 20366K [0x00000000a3600000, 0x00000000a8a00000, 0x00000000e1200000)
  object space 86016K, 23% used [0x00000000a3600000,0x00000000a49e3a98,0x00000000a8a00000)
 Metaspace       used 60697K, capacity 64344K, committed 64532K, reserved 1105920K
  class space    used 8049K, capacity 8675K, committed 8724K, reserved 1048576K
}
Event: 264.520 GC heap before
{Heap before GC invocations=20 (full 6):
 PSYoungGen      total 283136K, used 4485K [0x00000000e1200000, 0x00000000f3780000, 0x0000000100000000)
  eden space 266752K, 0% used [0x00000000e1200000,0x00000000e1200000,0x00000000f1680000)
  from space 16384K, 27% used [0x00000000f2780000,0x00000000f2be16c0,0x00000000f3780000)
  to   space 16896K, 0% used [0x00000000f1680000,0x00000000f1680000,0x00000000f2700000)
 ParOldGen       total 86016K, used 20366K [0x00000000a3600000, 0x00000000a8a00000, 0x00000000e1200000)
  object space 86016K, 23% used [0x00000000a3600000,0x00000000a49e3a98,0x00000000a8a00000)
 Metaspace       used 60697K, capacity 64344K, committed 64532K, reserved 1105920K
  class space    used 8049K, capacity 8675K, committed 8724K, reserved 1048576K
Event: 264.774 GC heap after
Heap after GC invocations=20 (full 6):
 PSYoungGen      total 283136K, used 0K [0x00000000e1200000, 0x00000000f3780000, 0x0000000100000000)
  eden space 266752K, 0% used [0x00000000e1200000,0x00000000e1200000,0x00000000f1680000)
  from space 16384K, 0% used [0x00000000f2780000,0x00000000f2780000,0x00000000f3780000)
  to   space 16896K, 0% used [0x00000000f1680000,0x00000000f1680000,0x00000000f2700000)
 ParOldGen       total 86016K, used 20623K [0x00000000a3600000, 0x00000000a8a00000, 0x00000000e1200000)
  object space 86016K, 23% used [0x00000000a3600000,0x00000000a4a23db0,0x00000000a8a00000)
 Metaspace       used 60694K, capacity 64338K, committed 64532K, reserved 1105920K
  class space    used 8048K, capacity 8673K, committed 8724K, reserved 1048576K
}

